<?xml version="1.0" encoding="UTF-8"?>
<testsuite xmlns:xsi="http://www.w3.org/2001/XMLSchema-instance" xsi:noNamespaceSchemaLocation="https://maven.apache.org/surefire/maven-surefire-plugin/xsd/surefire-test-report.xsd" version="3.0.2" name="com.sgb.mylibrum.MylibrumApplicationTests" time="4.136" tests="1" errors="0" skipped="0" failures="0" flakes="0">
  <properties>
[...]
</properties>
  <testcase name="contextLoads" classname="com.sgb.mylibrum.MylibrumApplicationTests" time="0.224">
    <system-out><![CDATA[21:44:12.960 [main] INFO org.springframework.test.context.support.AnnotationConfigContextLoaderUtils -- Could not detect default configuration classes for test class [com.sgb.mylibrum.MylibrumApplicationTests]: MylibrumApplicationTests does not declare any static, non-private, non-final, nested classes annotated with @Configuration.
21:44:13.040 [main] INFO org.springframework.boot.test.context.SpringBootTestContextBootstrapper -- Found @SpringBootConfiguration com.sgb.mylibrum.MylibrumApplication for test class com.sgb.mylibrum.MylibrumApplicationTests
21:44:13.099 [main] INFO org.springframework.test.context.support.AnnotationConfigContextLoaderUtils -- Could not detect default configuration classes for test class [com.sgb.mylibrum.MylibrumApplicationTests]: MylibrumApplicationTests does not declare any static, non-private, non-final, nested classes annotated with @Configuration.
21:44:13.100 [main] INFO org.springframework.boot.test.context.SpringBootTestContextBootstrapper -- Found @SpringBootConfiguration com.sgb.mylibrum.MylibrumApplication for test class com.sgb.mylibrum.MylibrumApplicationTests
21:44:13.154 [main] INFO org.springframework.boot.devtools.restart.RestartApplicationListener -- Restart disabled due to context in which it is running

  .   ____          _            __ _ _
 /\\ / ___'_ __ _ _(_)_ __  __ _ \ \ \ \
( ( )\___ | '_ | '_| | '_ \/ _` | \ \ \ \
 \\/  ___)| |_)| | | | | || (_| |  ) ) ) )
  '  |____| .__|_| |_|_| |_\__, | / / / /
 =========|_|==============|___/=/_/_/_/

 :: Spring Boot ::                (v4.0.6)

2026-08-10T21:44:13.313-03:00  INFO 27368 --- [mylibrum] [           main] c.sgb.mylibrum.MylibrumApplicationTests  : Starting MylibrumApplicationTests using Java 25.0.1 with PID 27368 (started by joao_m_lessa in C:\Users\joao_m_lessa\Documents\MyLibrumBack\BACK\mylibrum)
2026-08-10T21:44:13.314-03:00  INFO 27368 --- [mylibrum] [           main] c.sgb.mylibrum.MylibrumApplicationTests  : No active profile set, falling back to 1 default profile: "default"
2026-08-10T21:44:13.841-03:00  INFO 27368 --- [mylibrum] [           main] .s.d.r.c.RepositoryConfigurationDelegate : Bootstrapping Spring Data JPA repositories in DEFAULT mode.
2026-08-10T21:44:13.904-03:00  INFO 27368 --- [mylibrum] [           main] .s.d.r.c.RepositoryConfigurationDelegate : Finished Spring Data repository scanning in 57 ms. Found 13 JPA repository interfaces.
2026-08-10T21:44:14.208-03:00  INFO 27368 --- [mylibrum] [           main] org.hibernate.orm.jpa                    : HHH008540: Processing PersistenceUnitInfo [name: default]
2026-08-10T21:44:14.243-03:00  INFO 27368 --- [mylibrum] [           main] org.hibernate.orm.core                   : HHH000001: Hibernate ORM core version 7.2.12.Final
2026-08-10T21:44:14.571-03:00  INFO 27368 --- [mylibrum] [           main] o.s.o.j.p.SpringPersistenceUnitInfo      : No LoadTimeWeaver setup: ignoring JPA class transformer
2026-08-10T21:44:14.591-03:00  INFO 27368 --- [mylibrum] [           main] com.zaxxer.hikari.HikariDataSource       : HikariPool-1 - Starting...
2026-08-10T21:44:14.717-03:00  INFO 27368 --- [mylibrum] [           main] com.zaxxer.hikari.pool.HikariPool        : HikariPool-1 - Added connection org.postgresql.jdbc.PgConnection@1b732dd
2026-08-10T21:44:14.718-03:00  INFO 27368 --- [mylibrum] [           main] com.zaxxer.hikari.HikariDataSource       : HikariPool-1 - Start completed.
2026-08-10T21:44:14.737-03:00  WARN 27368 --- [mylibrum] [           main] org.hibernate.orm.deprecation            : HHH90000025: PostgreSQLDialect does not need to be specified explicitly using 'hibernate.dialect' (remove the property setting and it will be selected by default)
2026-08-10T21:44:14.754-03:00  INFO 27368 --- [mylibrum] [           main] org.hibernate.orm.connections.pooling    : HHH10001005: Database info:
	Database JDBC URL [jdbc:postgresql://localhost:5432/librumDb]
	Database driver: PostgreSQL JDBC Driver
	Database dialect: PostgreSQLDialect
	Database version: 18.1
	Default catalog/schema: librumDb/public
	Autocommit mode: undefined/unknown
	Isolation level: READ_COMMITTED [default READ_COMMITTED]
	JDBC fetch size: none
	Pool: DataSourceConnectionProvider
	Minimum pool size: undefined/unknown
	Maximum pool size: undefined/unknown
2026-08-10T21:44:15.515-03:00  INFO 27368 --- [mylibrum] [           main] org.hibernate.orm.core                   : HHH000489: No JTA platform available (set 'hibernate.transaction.jta.platform' to enable JTA platform integration)
Hibernate: set client_min_messages = WARNING
Hibernate: alter table if exists configuracoes drop constraint if exists FK95eil65i8rg95fldl1q0xb5go
Hibernate: alter table if exists emprestimos drop constraint if exists FKaxxjig1guq378cuajshqheons
Hibernate: alter table if exists emprestimos drop constraint if exists FKbolrypon87pg4ivtv79dar237
Hibernate: alter table if exists emprestimos drop constraint if exists FKnsu63kkykk3m1894dfem3uruu
Hibernate: alter table if exists exemplares drop constraint if exists FK53uxsyqswdpt5nckslmh7vf07
Hibernate: alter table if exists exemplares drop constraint if exists FK63wa6hxphsfnr6h5c2irvf23p
Hibernate: alter table if exists exemplares drop constraint if exists FKrty52jh76lnr9p8j5ymb8fofk
Hibernate: alter table if exists gestores drop constraint if exists FKitotdc0qh64g28l0visq7jfg
Hibernate: alter table if exists historico_multas drop constraint if exists FKb9tcsr6wftwjbpg33j486c9o2
Hibernate: alter table if exists lista_tarefas drop constraint if exists FKklgphei450m3iu8yxq32jfsoj
Hibernate: alter table if exists materiais drop constraint if exists FKn7pd6eep857uk5sxpyolgdu9c
Hibernate: alter table if exists materiais drop constraint if exists FK54aao5vg74dvf6nbt5b3qpruq
Hibernate: alter table if exists materiais_autores drop constraint if exists FKlq10d28os1g9bfi5tkmgflrr7
Hibernate: alter table if exists materiais_autores drop constraint if exists FK4r3pyyjg6vx3ssqel2fvm745r
Hibernate: alter table if exists materiais_generos drop constraint if exists FKf4np17md4sjdlrfkya2j84om7
Hibernate: alter table if exists materiais_generos drop constraint if exists FK90dn327cyw4vtqvc1cknqcjlu
Hibernate: alter table if exists usuarios drop constraint if exists FKf7elkny1cvlru8p9nes3mvnwp
Hibernate: drop table if exists autores cascade
Hibernate: drop table if exists configuracoes cascade
Hibernate: drop table if exists editoras cascade
Hibernate: drop table if exists emprestimos cascade
Hibernate: drop table if exists estantes cascade
Hibernate: drop table if exists exemplares cascade
Hibernate: drop table if exists filiais cascade
Hibernate: drop table if exists generos cascade
Hibernate: drop table if exists gestores cascade
Hibernate: drop table if exists historico_multas cascade
Hibernate: drop table if exists lista_tarefas cascade
Hibernate: drop table if exists materiais cascade
Hibernate: drop table if exists materiais_autores cascade
Hibernate: drop table if exists materiais_generos cascade
Hibernate: drop table if exists usuarios cascade
Hibernate: create table autores (ativo boolean default true, data_falecimento date, data_nascimento date, excluido boolean default false, data_criacao timestamp(6) with time zone, data_ultima_atualizacao timestamp(6) with time zone, id bigint generated by default as identity, nacionalidade varchar(100), nome varchar(150) not null, biografia TEXT, primary key (id))
Hibernate: create table configuracoes (ativo boolean default true, excluido boolean default false, data_criacao timestamp(6) with time zone, data_ultima_atualizacao timestamp(6) with time zone, filial_id bigint not null, id bigint generated by default as identity, chave varchar(50) not null, descricao varchar(255), valor TEXT not null, primary key (id), unique (filial_id, chave))
Hibernate: create table editoras (ativo boolean default true, excluido boolean default false, data_criacao timestamp(6) with time zone, data_ultima_atualizacao timestamp(6) with time zone, id bigint generated by default as identity, nacionalidade varchar(100), nome varchar(150) not null unique, primary key (id))
Hibernate: create table emprestimos (ativo boolean default true, data_devolucao_prevista date not null, excluido boolean default false, renovacoes_contagem integer default 0, data_criacao timestamp(6) with time zone, data_devolucao_efetivada timestamp(6) with time zone, data_saida timestamp(6) with time zone, data_ultima_atualizacao timestamp(6) with time zone, exemplar_id bigint not null, gestor_id bigint not null, id bigint generated by default as identity, usuario_id bigint not null, primary key (id))
Hibernate: create table estantes (ativo boolean default true, capacidade integer, excluido boolean default false, data_criacao timestamp(6) with time zone, data_ultima_atualizacao timestamp(6) with time zone, id bigint generated by default as identity, localizacao varchar(150) not null, primary key (id))
Hibernate: create table exemplares (ativo boolean default true, data_aquisicao date, excluido boolean default false, data_criacao timestamp(6) with time zone, data_ultima_atualizacao timestamp(6) with time zone, estante_id bigint not null, filial_id bigint not null, id bigint generated by default as identity, material_id bigint not null, posicao varchar(50), prateleira varchar(50), codigo_barras varchar(100) not null unique, observacoes TEXT, status varchar default 'DISPONIVEL' check ((status in ('DISPONIVEL','EMPRESTADO','RESERVADO','MANUTENCAO','EXTRAVIADO'))), primary key (id))
Hibernate: create table filiais (ativo boolean default true, estado varchar(2) not null, excluido boolean default false, cep varchar(8) not null, data_criacao timestamp(6) with time zone, data_ultima_atualizacao timestamp(6) with time zone, id bigint generated by default as identity, numero varchar(10), cnpj varchar(14) not null unique, telefone varchar(15), inscricao_estadual varchar(20), bairro varchar(100) not null, cidade varchar(100) not null, complemento varchar(100), email varchar(100), nome_fantasia varchar(150) not null, razao_social varchar(150) not null, endereco varchar(200) not null, primary key (id))
Hibernate: create table generos (ativo boolean default true, excluido boolean default false, data_criacao timestamp(6) with time zone, data_ultima_atualizacao timestamp(6) with time zone, id bigint generated by default as identity, nome varchar(100) not null unique, descricao TEXT, primary key (id))
Hibernate: create table gestores (ativo boolean default true, excluido boolean default false, data_criacao timestamp(6) with time zone, data_ultima_atualizacao timestamp(6) with time zone, filial_id bigint not null, id bigint generated by default as identity, ultimo_acesso timestamp(6) with time zone, matricula_funcionario varchar(20) not null unique, login varchar(50) not null unique, senha varchar(255) not null, primary key (id))
Hibernate: create table historico_multas (ativo boolean default true, data_pagamento date, dias_atraso integer not null, excluido boolean default false, pago boolean default false, valor numeric(10,2) not null, data_criacao timestamp(6) with time zone, data_ultima_atualizacao timestamp(6) with time zone, emprestimo_id bigint not null, id bigint generated by default as identity, primary key (id))
Hibernate: create table lista_tarefas (ativo boolean default true, concluida boolean default false, excluido boolean default false, data_criacao timestamp(6) with time zone, data_ultima_atualizacao timestamp(6) with time zone, gestor_id bigint not null, id bigint generated by default as identity, descricao varchar(255) not null, prioridade varchar default 'MEDIA' check ((prioridade in ('BAIXA','MEDIA','ALTA','URGENTE'))), primary key (id))
Hibernate: create table materiais (ano_publicacao integer, ativo boolean default true, edicao integer default 1, excluido boolean default false, quantidade_paginas integer, autor_id bigint, data_criacao timestamp(6) with time zone, data_ultima_atualizacao timestamp(6) with time zone, editora_id bigint not null, id bigint generated by default as identity, isbn varchar(13) unique, issn varchar(20), tipo varchar(20) check ((tipo in ('LIVRO','PERIODICO','OUTROS'))), descricao TEXT, sinopse TEXT, subtitulo varchar(255), tema varchar(255), titulo varchar(255) not null, primary key (id))
Hibernate: create table materiais_autores (autor_id bigint not null, material_id bigint not null, primary key (autor_id, material_id))
Hibernate: create table materiais_generos (genero_id bigint not null, material_id bigint not null, primary key (genero_id, material_id))
Hibernate: create table usuarios (ativo boolean default true, data_nascimento date not null, esta_bloqueado boolean default false, estado varchar(2), excluido boolean default false, limite_livros integer default 3, cep varchar(8), data_criacao timestamp(6) with time zone, data_ultima_atualizacao timestamp(6) with time zone, filial_id bigint not null, id bigint generated by default as identity, numero varchar(10), cpf varchar(11) not null unique, telefone varchar(15) not null unique, bairro varchar(100), cidade varchar(100), email varchar(100) not null unique, endereco varchar(150), nome varchar(150) not null, primary key (id))
Hibernate: alter table if exists configuracoes add constraint FK95eil65i8rg95fldl1q0xb5go foreign key (filial_id) references filiais
Hibernate: alter table if exists emprestimos add constraint FKaxxjig1guq378cuajshqheons foreign key (exemplar_id) references exemplares
Hibernate: alter table if exists emprestimos add constraint FKbolrypon87pg4ivtv79dar237 foreign key (gestor_id) references gestores
Hibernate: alter table if exists emprestimos add constraint FKnsu63kkykk3m1894dfem3uruu foreign key (usuario_id) references usuarios
Hibernate: alter table if exists exemplares add constraint FK53uxsyqswdpt5nckslmh7vf07 foreign key (estante_id) references estantes
Hibernate: alter table if exists exemplares add constraint FK63wa6hxphsfnr6h5c2irvf23p foreign key (filial_id) references filiais
Hibernate: alter table if exists exemplares add constraint FKrty52jh76lnr9p8j5ymb8fofk foreign key (material_id) references materiais
Hibernate: alter table if exists gestores add constraint FKitotdc0qh64g28l0visq7jfg foreign key (filial_id) references filiais
Hibernate: alter table if exists historico_multas add constraint FKb9tcsr6wftwjbpg33j486c9o2 foreign key (emprestimo_id) references emprestimos
Hibernate: alter table if exists lista_tarefas add constraint FKklgphei450m3iu8yxq32jfsoj foreign key (gestor_id) references gestores
Hibernate: alter table if exists materiais add constraint FKn7pd6eep857uk5sxpyolgdu9c foreign key (autor_id) references autores
Hibernate: alter table if exists materiais add constraint FK54aao5vg74dvf6nbt5b3qpruq foreign key (editora_id) references editoras
Hibernate: alter table if exists materiais_autores add constraint FKlq10d28os1g9bfi5tkmgflrr7 foreign key (autor_id) references autores
Hibernate: alter table if exists materiais_autores add constraint FK4r3pyyjg6vx3ssqel2fvm745r foreign key (material_id) references materiais
Hibernate: alter table if exists materiais_generos add constraint FKf4np17md4sjdlrfkya2j84om7 foreign key (genero_id) references generos
Hibernate: alter table if exists materiais_generos add constraint FK90dn327cyw4vtqvc1cknqcjlu foreign key (material_id) references materiais
Hibernate: alter table if exists usuarios add constraint FKf7elkny1cvlru8p9nes3mvnwp foreign key (filial_id) references filiais
2026-08-10T21:44:15.767-03:00  INFO 27368 --- [mylibrum] [           main] j.LocalContainerEntityManagerFactoryBean : Initialized JPA EntityManagerFactory for persistence unit 'default'
2026-08-10T21:44:15.841-03:00  INFO 27368 --- [mylibrum] [           main] o.s.d.j.r.query.QueryEnhancerFactories   : Hibernate is in classpath; If applicable, HQL parser will be used.
2026-08-10T21:44:16.387-03:00  WARN 27368 --- [mylibrum] [           main] JpaBaseConfiguration$JpaWebConfiguration : spring.jpa.open-in-view is enabled by default. Therefore, database queries may be performed during view rendering. Explicitly configure spring.jpa.open-in-view to disable this warning
2026-08-10T21:44:16.730-03:00  INFO 27368 --- [mylibrum] [           main] c.sgb.mylibrum.MylibrumApplicationTests  : Started MylibrumApplicationTests in 3.584 seconds (process running for 4.344)
]]></system-out>
    <system-err><![CDATA[Mockito is currently self-attaching to enable the inline-mock-maker. This will no longer work in future releases of the JDK. Please add Mockito as an agent to your build as described in Mockito's documentation: https://javadoc.io/doc/org.mockito/mockito-core/latest/org.mockito/org/mockito/Mockito.html#0.3
WARNING: A Java agent has been loaded dynamically (C:\Users\joao_m_lessa\.m2\repository\net\bytebuddy\byte-buddy-agent\1.17.8\byte-buddy-agent-1.17.8.jar)
WARNING: If a serviceability tool is in use, please run with -XX:+EnableDynamicAgentLoading to hide this warning
WARNING: If a serviceability tool is not in use, please run with -Djdk.instrument.traceUsage for more information
WARNING: Dynamic loading of agents will be disallowed by default in a future release
]]></system-err>
  </testcase>
</testsuite>